<?xml version="1.0" encoding="UTF-8"?>
<!-- Generated by org.testng.reporters.JUnitReportReporter -->
<testsuite skipped="0" hostname="HPi3" name="script.Test1" tests="1" failures="0" timestamp="11 Aug 2018 10:22:54 GMT" time="0.029" errors="0">
  <testcase name="test1" time="0.029" classname="script.Test1"/>
</testsuite> <!-- script.Test1 -->
