<?xml version="1.0" encoding="UTF-8"?>
<!-- Generated by org.testng.reporters.JUnitReportReporter -->
<testsuite skipped="0" hostname="HPi3" name="testScripts.Test3" tests="1" failures="0" timestamp="11 Aug 2018 13:25:18 GMT" time="22.230" errors="0">
  <testcase name="testGoogleLink" time="22.230" classname="testScripts.Test3"/>
</testsuite> <!-- testScripts.Test3 -->
